2024-04-05 18:08:40,664 [INFO] Activator:176 - 


2024-04-05 18:08:40,666 [INFO] Activator:177 - !SESSION log4j initialized
2024-04-05 18:08:44,258 [INFO] LogOutputStream:77 - [STDOUT_REDIRECT] 
2024-04-05 18:08:47,939 [INFO] ApplicationProperties:184 - Using Application install path: /home/yash/st/stm32cubeide_1.15.0/plugins/com.st.stm32cube.common.mx_6.11.0.202403141607
2024-04-05 18:08:47,963 [INFO] DbMcusXml:78 - Set database path to: /home/yash/st/stm32cubeide_1.15.0/plugins/com.st.stm32cube.common.mx_6.11.0.202403141607//db//mcu/
2024-04-05 18:08:47,964 [INFO] ApiDb:274 - Set plugin database path to: /home/yash/st/stm32cubeide_1.15.0/plugins/com.st.stm32cube.common.mx_6.11.0.202403141607//db//plugins/boardmanager/
2024-04-05 18:08:47,964 [WARN] ApiDb:259 - Overriding images path with different value:  => /home/yash/st/stm32cubeide_1.15.0/plugins/com.st.stm32cube.common.mx_6.11.0.202403141607//db//plugins/mcufinder/images/
2024-04-05 18:08:47,969 [INFO] ApiDb:250 - Set database path to: /home/yash/.stmcufinder/plugins/mcufinder//mcu/
2024-04-05 18:08:47,971 [INFO] DbMcusAds:125 - Set database path to: /home/yash/.stmcufinder/plugins/mcufinder//mcu/
2024-04-05 18:08:47,973 [INFO] CrossReferenceDbSqlite:203 - Set database path to: /home/yash/.stmcufinder/plugins/mcufinder//mcu/cs/
2024-04-05 18:08:48,136 [INFO] RulesReader:64 - Compatibility file has been processed (297 Rules)
2024-04-05 18:08:48,218 [INFO] DbMcusXml:78 - Set database path to: /home/yash/st/stm32cubeide_1.15.0/plugins/com.st.stm32cube.common.mx_6.11.0.202403141607//db//mcu/
2024-04-05 18:08:48,218 [INFO] ApiDb:274 - Set plugin database path to: /home/yash/st/stm32cubeide_1.15.0/plugins/com.st.stm32cube.common.mx_6.11.0.202403141607//db//plugins/boardmanager/
2024-04-05 18:08:48,218 [INFO] ApiDb:261 - Set plugin images path to: /home/yash/st/stm32cubeide_1.15.0/plugins/com.st.stm32cube.common.mx_6.11.0.202403141607//db//plugins/mcufinder/images/
2024-04-05 18:08:48,219 [WARN] DbFile:41 - Overriding database path with different value: /home/yash/.stmcufinder/plugins/mcufinder/ => /home/yash/.stmcufinder/plugins/mcufinder
2024-04-05 18:08:48,219 [INFO] ApiDb:250 - Set database path to: /home/yash/.stmcufinder/plugins/mcufinder//mcu/
2024-04-05 18:08:48,219 [WARN] DbFile:41 - Overriding database path with different value: /home/yash/.stmcufinder/plugins/mcufinder/ => /home/yash/.stmcufinder/plugins/mcufinder
2024-04-05 18:08:48,219 [INFO] DbMcusAds:125 - Set database path to: /home/yash/.stmcufinder/plugins/mcufinder//mcu/
2024-04-05 18:08:48,219 [WARN] DbFile:41 - Overriding database path with different value: /home/yash/.stmcufinder/plugins/mcufinder/ => /home/yash/.stmcufinder/plugins/mcufinder
2024-04-05 18:08:48,219 [WARN] DbFile:41 - Overriding database path with different value: /home/yash/.stmcufinder/plugins/mcufinder/ => /home/yash/.stmcufinder/plugins/mcufinder
2024-04-05 18:08:48,220 [INFO] CrossReferenceDbSqlite:203 - Set database path to: /home/yash/.stmcufinder/plugins/mcufinder//mcu/cs/
2024-04-05 18:08:48,300 [INFO] MainPanel:264 - HeapMemory: 268435456
2024-04-05 18:08:48,393 [INFO] DbMcusXml:78 - Set database path to: /home/yash/st/stm32cubeide_1.15.0/plugins/com.st.stm32cube.common.mx_6.11.0.202403141607//db//mcu/
2024-04-05 18:08:48,394 [INFO] ApiDb:274 - Set plugin database path to: /home/yash/st/stm32cubeide_1.15.0/plugins/com.st.stm32cube.common.mx_6.11.0.202403141607//db//plugins/boardmanager/
2024-04-05 18:08:48,394 [INFO] ApiDb:261 - Set plugin images path to: /home/yash/st/stm32cubeide_1.15.0/plugins/com.st.stm32cube.common.mx_6.11.0.202403141607//db//plugins/mcufinder/images/
2024-04-05 18:08:48,395 [WARN] DbFile:41 - Overriding database path with different value: /home/yash/.stmcufinder/plugins/mcufinder/ => /home/yash/.stmcufinder/plugins/mcufinder
2024-04-05 18:08:48,395 [INFO] ApiDb:250 - Set database path to: /home/yash/.stmcufinder/plugins/mcufinder//mcu/
2024-04-05 18:08:48,395 [WARN] DbFile:41 - Overriding database path with different value: /home/yash/.stmcufinder/plugins/mcufinder/ => /home/yash/.stmcufinder/plugins/mcufinder
2024-04-05 18:08:48,395 [INFO] DbMcusAds:125 - Set database path to: /home/yash/.stmcufinder/plugins/mcufinder//mcu/
2024-04-05 18:08:48,396 [WARN] DbFile:41 - Overriding database path with different value: /home/yash/.stmcufinder/plugins/mcufinder/ => /home/yash/.stmcufinder/plugins/mcufinder
2024-04-05 18:08:48,396 [WARN] DbFile:41 - Overriding database path with different value: /home/yash/.stmcufinder/plugins/mcufinder/ => /home/yash/.stmcufinder/plugins/mcufinder
2024-04-05 18:08:48,396 [INFO] CrossReferenceDbSqlite:203 - Set database path to: /home/yash/.stmcufinder/plugins/mcufinder//mcu/cs/
2024-04-05 18:08:48,417 [INFO] ApplicationProperties:184 - Using Application install path: /home/yash/st/stm32cubeide_1.15.0/plugins/com.st.stm32cube.common.mx_6.11.0.202403141607
2024-04-05 18:08:48,419 [INFO] PluginManage:196 - Search for loadable plugins [exclusion list=, ]
2024-04-05 18:08:48,420 [INFO] PluginManage:310 - Check plugin analytics
2024-04-05 18:08:48,703 [INFO] AnalyticsPlugin:253 - Accepted Software Licenses: 
2024-04-05 18:08:48,703 [INFO] AnalyticsPlugin:255 - Accepted CMSIS Pack Licenses: 
2024-04-05 18:08:48,704 [INFO] AnalyticsPlugin:257 - Accepted Firmware Licenses: 
2024-04-05 18:08:48,708 [INFO] PluginManage:359 - Loaded plugin analytics (category:tool,tabindex:-1)
2024-04-05 18:08:48,709 [INFO] PluginManage:310 - Check plugin cadmodel
2024-04-05 18:08:48,730 [INFO] CADModel:105 - Init CAD model plugin
2024-04-05 18:08:48,730 [INFO] PluginManage:359 - Loaded plugin cadmodel (category:power,tabindex:5)
2024-04-05 18:08:48,731 [INFO] PluginManage:310 - Check plugin clock
2024-04-05 18:08:48,740 [INFO] PluginManage:359 - Loaded plugin clock (category:base,tabindex:2)
2024-04-05 18:08:48,741 [INFO] PluginManage:310 - Check plugin ddr
2024-04-05 18:08:48,743 [INFO] PluginManage:359 - Loaded plugin ddr (category:tool,tabindex:6)
2024-04-05 18:08:48,743 [INFO] PluginManage:310 - Check plugin filemanager
2024-04-05 18:08:48,946 [INFO] PluginManage:359 - Loaded plugin filemanager (category:base,tabindex:10)
2024-04-05 18:08:48,946 [INFO] PluginManage:310 - Check plugin ipmanager
2024-04-05 18:08:48,957 [INFO] PluginManage:359 - Loaded plugin ipmanager (category:base,tabindex:5)
2024-04-05 18:08:48,957 [INFO] PluginManage:310 - Check plugin lpbam
2024-04-05 18:08:48,967 [INFO] PluginManage:359 - Loaded plugin lpbam (category:base,tabindex:0)
2024-04-05 18:08:48,968 [INFO] PluginManage:310 - Check plugin memorymap
2024-04-05 18:08:48,987 [INFO] PluginManage:359 - Loaded plugin memorymap (category:base,tabindex:4)
2024-04-05 18:08:48,987 [INFO] PluginManage:310 - Check plugin pinoutandconfiguration
2024-04-05 18:08:48,997 [INFO] PluginManage:359 - Loaded plugin pinoutandconfiguration (category:base,tabindex:1)
2024-04-05 18:08:48,998 [INFO] PluginManage:310 - Check plugin pinoutconfig
2024-04-05 18:08:49,130 [WARN] SupportedApi:132 - Cannot load RTOS API schema: s4s-elt-must-match.1: The content of 'definitions' must match (annotation?, (simpleType | complexType)?, (unique | key | keyref)*)). A problem was found starting at: attribute.
2024-04-05 18:08:49,356 [INFO] PluginManage:359 - Loaded plugin pinoutconfig (category:base,tabindex:0)
2024-04-05 18:08:49,356 [INFO] PluginManage:310 - Check plugin power
2024-04-05 18:08:49,373 [INFO] PluginManage:359 - Loaded plugin power (category:power,tabindex:4)
2024-04-05 18:08:49,374 [INFO] PluginManage:310 - Check plugin projectmanager
2024-04-05 18:08:49,418 [INFO] PluginManage:359 - Loaded plugin projectmanager (category:projectmanager,tabindex:3)
2024-04-05 18:08:49,419 [INFO] PluginManage:310 - Check plugin thirdparty
2024-04-05 18:08:49,605 [WARN] IntegrityCheckThread:84 - waiting for thirdparty lock release [integrity check]
2024-04-05 18:08:49,605 [INFO] PluginManage:359 - Loaded plugin thirdparty (category:base,tabindex:-1)
2024-04-05 18:08:49,605 [INFO] PluginManage:310 - Check plugin tools
2024-04-05 18:08:49,605 [INFO] IntegrityCheckThread:86 - entering critical section [integrity check]
2024-04-05 18:08:49,607 [INFO] ThirdPartyUpdaterWithRetryManager:70 - Updater plugin not ready yet. [1/15]
2024-04-05 18:08:49,609 [INFO] PluginManage:359 - Loaded plugin tools (category:base,tabindex:7)
2024-04-05 18:08:49,610 [INFO] PluginManage:310 - Check plugin tutovideos
2024-04-05 18:08:49,829 [INFO] PluginManage:359 - Loaded plugin tutovideos (category:base,tabindex:-1)
2024-04-05 18:08:49,829 [INFO] PluginManage:310 - Check plugin updater
2024-04-05 18:08:49,840 [INFO] PluginManage:359 - Loaded plugin updater (category:base,tabindex:12)
2024-04-05 18:08:49,840 [INFO] PluginManage:310 - Check plugin userauth
2024-04-05 18:08:49,844 [INFO] UserAuth:114 - Init User Auth plugin
2024-04-05 18:08:49,845 [INFO] PluginManage:359 - Loaded plugin userauth (category:base,tabindex:14)
2024-04-05 18:08:49,845 [INFO] PluginManage:283 - PluginManage : Loaded plugins [17]
2024-04-05 18:08:50,119 [INFO] PinOutPanel:1561 - setPackage(No Configuration,No Configuration)
2024-04-05 18:08:50,204 [INFO] CADModel:165 - CPN selected for project level
2024-04-05 18:08:50,204 [INFO] CADModel:114 - Register for checkConnection events
2024-04-05 18:08:50,215 [INFO] IPUIPlugin:80 - create IPUIPlugin
2024-04-05 18:08:50,215 [INFO] PluginManager:220 - loadIPPluginJar : add comp
2024-04-05 18:08:50,221 [INFO] IPUIPlugin:80 - create IPUIPlugin
2024-04-05 18:08:50,222 [INFO] PluginManager:220 - loadIPPluginJar : add hash
2024-04-05 18:08:50,229 [INFO] IPUIPlugin:80 - create IPUIPlugin
2024-04-05 18:08:50,229 [INFO] PluginManager:220 - loadIPPluginJar : add fmc
2024-04-05 18:08:50,232 [INFO] IPUIPlugin:80 - create IPUIPlugin
2024-04-05 18:08:50,232 [INFO] PluginManager:220 - loadIPPluginJar : add pdm2pcm
2024-04-05 18:08:50,239 [INFO] IPUIPlugin:80 - create IPUIPlugin
2024-04-05 18:08:50,240 [INFO] PluginManager:220 - loadIPPluginJar : add dma
2024-04-05 18:08:50,242 [INFO] IPUIPlugin:80 - create IPUIPlugin
2024-04-05 18:08:50,242 [INFO] PluginManager:220 - loadIPPluginJar : add genericplugin
2024-04-05 18:08:50,245 [INFO] IPUIPlugin:80 - create IPUIPlugin
2024-04-05 18:08:50,245 [INFO] PluginManager:220 - loadIPPluginJar : add sai
2024-04-05 18:08:50,249 [INFO] IPUIPlugin:80 - create IPUIPlugin
2024-04-05 18:08:50,249 [INFO] PluginManager:220 - loadIPPluginJar : add ipddr
2024-04-05 18:08:50,252 [INFO] IPUIPlugin:80 - create IPUIPlugin
2024-04-05 18:08:50,252 [INFO] PluginManager:220 - loadIPPluginJar : add gtzc
2024-04-05 18:08:50,253 [INFO] IPUIPlugin:80 - create IPUIPlugin
2024-04-05 18:08:50,254 [INFO] PluginManager:220 - loadIPPluginJar : add fatfs
2024-04-05 18:08:50,257 [INFO] IPUIPlugin:80 - create IPUIPlugin
2024-04-05 18:08:50,257 [INFO] PluginManager:220 - loadIPPluginJar : add resmgrutility
2024-04-05 18:08:50,262 [INFO] IPUIPlugin:80 - create IPUIPlugin
2024-04-05 18:08:50,262 [INFO] PluginManager:220 - loadIPPluginJar : add gpio
2024-04-05 18:08:50,269 [INFO] IPUIPlugin:80 - create IPUIPlugin
2024-04-05 18:08:50,273 [INFO] PluginManager:220 - loadIPPluginJar : add plateformsettings
2024-04-05 18:08:50,276 [INFO] IPUIPlugin:80 - create IPUIPlugin
2024-04-05 18:08:50,276 [INFO] PluginManager:220 - loadIPPluginJar : add openamp
2024-04-05 18:08:50,279 [INFO] IPUIPlugin:80 - create IPUIPlugin
2024-04-05 18:08:50,279 [INFO] PluginManager:220 - loadIPPluginJar : add i2s
2024-04-05 18:08:50,282 [INFO] IPUIPlugin:80 - create IPUIPlugin
2024-04-05 18:08:50,282 [INFO] PluginManager:220 - loadIPPluginJar : add dfsdm
2024-04-05 18:08:50,285 [INFO] IPUIPlugin:80 - create IPUIPlugin
2024-04-05 18:08:50,285 [INFO] PluginManager:220 - loadIPPluginJar : add i3c
2024-04-05 18:08:50,288 [INFO] IPUIPlugin:80 - create IPUIPlugin
2024-04-05 18:08:50,289 [INFO] PluginManager:220 - loadIPPluginJar : add usbx
2024-04-05 18:08:50,290 [INFO] IPUIPlugin:80 - create IPUIPlugin
2024-04-05 18:08:50,291 [INFO] PluginManager:220 - loadIPPluginJar : add quadspi
2024-04-05 18:08:50,299 [INFO] IPUIPlugin:80 - create IPUIPlugin
2024-04-05 18:08:50,299 [INFO] PluginManager:220 - loadIPPluginJar : add linkedlist
2024-04-05 18:08:50,306 [INFO] IPUIPlugin:80 - create IPUIPlugin
2024-04-05 18:08:50,306 [INFO] PluginManager:220 - loadIPPluginJar : add mdma
2024-04-05 18:08:50,309 [INFO] IPUIPlugin:80 - create IPUIPlugin
2024-04-05 18:08:50,309 [INFO] PluginManager:220 - loadIPPluginJar : add aes
2024-04-05 18:08:50,316 [INFO] IPUIPlugin:80 - create IPUIPlugin
2024-04-05 18:08:50,316 [INFO] PluginManager:220 - loadIPPluginJar : add adc
2024-04-05 18:08:50,317 [INFO] IPUIPlugin:80 - create IPUIPlugin
2024-04-05 18:08:50,318 [INFO] PluginManager:220 - loadIPPluginJar : add tsc
2024-04-05 18:08:50,321 [INFO] IPUIPlugin:80 - create IPUIPlugin
2024-04-05 18:08:50,321 [INFO] PluginManager:220 - loadIPPluginJar : add opamp
2024-04-05 18:08:50,327 [INFO] IPUIPlugin:80 - create IPUIPlugin
2024-04-05 18:08:50,327 [INFO] PluginManager:220 - loadIPPluginJar : add freertos
2024-04-05 18:08:50,330 [INFO] IPUIPlugin:80 - create IPUIPlugin
2024-04-05 18:08:50,330 [INFO] PluginManager:220 - loadIPPluginJar : add usart
2024-04-05 18:08:50,332 [INFO] IPUIPlugin:80 - create IPUIPlugin
2024-04-05 18:08:50,333 [INFO] PluginManager:220 - loadIPPluginJar : add ucpd
2024-04-05 18:08:50,335 [INFO] IPUIPlugin:80 - create IPUIPlugin
2024-04-05 18:08:50,335 [INFO] PluginManager:220 - loadIPPluginJar : add ts
2024-04-05 18:08:50,338 [INFO] IPUIPlugin:80 - create IPUIPlugin
2024-04-05 18:08:50,338 [INFO] PluginManager:220 - loadIPPluginJar : add cryp
2024-04-05 18:08:50,344 [INFO] IPUIPlugin:80 - create IPUIPlugin
2024-04-05 18:08:50,344 [INFO] PluginManager:220 - loadIPPluginJar : add stm32_wpan
2024-04-05 18:08:50,346 [INFO] IPUIPlugin:80 - create IPUIPlugin
2024-04-05 18:08:50,346 [INFO] PluginManager:220 - loadIPPluginJar : add gfxmmu
2024-04-05 18:08:50,352 [INFO] IPUIPlugin:80 - create IPUIPlugin
2024-04-05 18:08:50,352 [INFO] PluginManager:220 - loadIPPluginJar : add gic
2024-04-05 18:08:50,355 [INFO] IPUIPlugin:80 - create IPUIPlugin
2024-04-05 18:08:50,355 [INFO] PluginManager:220 - loadIPPluginJar : add can
2024-04-05 18:08:50,357 [INFO] IPUIPlugin:80 - create IPUIPlugin
2024-04-05 18:08:50,357 [INFO] PluginManager:220 - loadIPPluginJar : add tracer_emb
2024-04-05 18:08:50,360 [INFO] IPUIPlugin:80 - create IPUIPlugin
2024-04-05 18:08:50,361 [INFO] PluginManager:220 - loadIPPluginJar : add extmemmanager
2024-04-05 18:08:50,363 [INFO] IPUIPlugin:80 - create IPUIPlugin
2024-04-05 18:08:50,363 [INFO] PluginManager:220 - loadIPPluginJar : add dma3
2024-04-05 18:08:50,365 [INFO] IPUIPlugin:80 - create IPUIPlugin
2024-04-05 18:08:50,365 [INFO] PluginManager:220 - loadIPPluginJar : add tim
2024-04-05 18:08:50,368 [INFO] IPUIPlugin:80 - create IPUIPlugin
2024-04-05 18:08:50,368 [INFO] PluginManager:220 - loadIPPluginJar : add i2c
2024-04-05 18:08:50,369 [INFO] IPUIPlugin:80 - create IPUIPlugin
2024-04-05 18:08:50,369 [INFO] PluginManager:220 - loadIPPluginJar : add ltdc
2024-04-05 18:08:50,372 [INFO] IPUIPlugin:80 - create IPUIPlugin
2024-04-05 18:08:50,373 [INFO] PluginManager:220 - loadIPPluginJar : add touchsensing
2024-04-05 18:08:50,374 [INFO] IPUIPlugin:80 - create IPUIPlugin
2024-04-05 18:08:50,375 [INFO] PluginManager:220 - loadIPPluginJar : add spi
2024-04-05 18:08:50,378 [INFO] IPUIPlugin:80 - create IPUIPlugin
2024-04-05 18:08:50,378 [INFO] PluginManager:220 - loadIPPluginJar : add nvic
2024-04-05 18:08:50,381 [INFO] IPUIPlugin:80 - create IPUIPlugin
2024-04-05 18:08:50,381 [INFO] PluginManager:220 - loadIPPluginJar : add lorawan
2024-04-05 18:08:50,490 [INFO] CADModel:165 - CPN selected for project level
2024-04-05 18:08:50,490 [INFO] CADModel:114 - Register for checkConnection events
2024-04-05 18:08:50,490 [FATAL] Updater:308 - Updater called before beeing initialized
2024-04-05 18:08:50,491 [ERROR] CADModel:125 - Updater not yet initialized, retry later 
2024-04-05 18:08:50,635 [INFO] CADModel:165 - CPN selected for project level
2024-04-05 18:08:50,635 [INFO] CADModel:114 - Register for checkConnection events
2024-04-05 18:08:50,635 [FATAL] Updater:308 - Updater called before beeing initialized
2024-04-05 18:08:50,635 [ERROR] CADModel:125 - Updater not yet initialized, retry later 
2024-04-05 18:08:50,638 [FATAL] Updater:308 - Updater called before beeing initialized
2024-04-05 18:08:50,717 [FATAL] Updater:308 - Updater called before beeing initialized
2024-04-05 18:08:50,721 [INFO] DbMcusAds:53 - JSON generation date=Wed Nov 29 16:22:27 IST 2023 (1701255147349)
2024-04-05 18:08:50,722 [FATAL] Updater:308 - Updater called before beeing initialized
2024-04-05 18:08:50,755 [WARN] DetailPanel:346 - Failed to get advertising image, set to default
2024-04-05 18:08:50,832 [FATAL] Updater:308 - Updater called before beeing initialized
2024-04-05 18:08:50,834 [FATAL] Updater:308 - Updater called before beeing initialized
2024-04-05 18:08:50,834 [FATAL] Updater:308 - Updater called before beeing initialized
2024-04-05 18:08:50,834 [WARN] DetailPanel:346 - Failed to get advertising image, set to default
2024-04-05 18:08:50,835 [FATAL] Updater:308 - Updater called before beeing initialized
2024-04-05 18:08:50,868 [ERROR] Updater:1120 - MainUpdater not yet initialized. External WinMGr cannot be set.
2024-04-05 18:08:50,871 [INFO] Updater:1056 - Updater Version found : 6.11.0
2024-04-05 18:08:50,893 [INFO] ApplicationProperties:184 - Using Application install path: /home/yash/st/stm32cubeide_1.15.0/plugins/com.st.stm32cube.common.mx_6.11.0.202403141607
2024-04-05 18:08:51,209 [INFO] MainUpdater:2873 - connection check result : 10
2024-04-05 18:08:51,210 [INFO] MainUpdater:290 - Updater Check For Update Now.
2024-04-05 18:08:51,210 [INFO] MicroXplorer:498 - Change Database Version : DB.6.0.110
2024-04-05 18:08:51,218 [INFO] McuFinderGlobals:63 - Set McuFinder mode to 2 (CubeIDE integrated)
2024-04-05 18:08:51,218 [INFO] UserAuth:179 - activating auth plugin
2024-04-05 18:08:51,224 [INFO] UserAuth:415 - Internet connection configuration mode: 1
2024-04-05 18:08:51,248 [INFO] JxBrowserEngine:152 - Initiate JxBrowser Engine with user profile folder
2024-04-05 18:08:51,437 [INFO] CheckServerUpdateThread:120 - End of CheckServer Thread
2024-04-05 18:08:51,849 [INFO] WebApp:161 - Instantiating new browser for Auth
2024-04-05 18:08:52,487 [INFO] WebApp:779 - Register for checkConnection events
2024-04-05 18:08:52,488 [INFO] WebApp:414 - Apply proxy settings
2024-04-05 18:08:52,488 [INFO] WebApp:499 - Chromium requires no authentication
2024-04-05 18:08:52,496 [INFO] WebApp:442 - Direct internet connection detected
2024-04-05 18:08:52,727 [INFO] WebApp:192 - Starting web application
2024-04-05 18:08:52,728 [INFO] WebApp:544 - Web application path used /home/yash/st/stm32cubeide_1.15.0/plugins/com.st.stm32cube.common.mx_6.11.0.202403141607/db/plugins/mcufinder/reactClient1/index.html
2024-04-05 18:08:52,772 [WARN] PackLoader:240 - Cannot read IP mode file for STMicroelectronics.X-CUBE-SMBUS.2.1.0
2024-04-05 18:08:52,782 [WARN] PackLoader:240 - Cannot read IP mode file for STMicroelectronics.X-CUBE-TOUCHGFX.4.23.1
2024-04-05 18:08:52,786 [WARN] PackLoader:240 - Cannot read IP mode file for STMicroelectronics.X-CUBE-TOUCHGFX.4.23.0
2024-04-05 18:08:52,882 [WARN] PackLoader:240 - Cannot read IP mode file for STMicroelectronics.X-CUBE-AZRTOS-F7.1.1.0
2024-04-05 18:08:52,930 [WARN] PackLoader:240 - Cannot read IP mode file for STMicroelectronics.FP-SNS-MOTENV1.4.3.2
2024-04-05 18:08:52,946 [WARN] PackLoader:240 - Cannot read IP mode file for STMicroelectronics.FP-SNS-FLIGHT1.5.0.2
2024-04-05 18:08:52,959 [WARN] PackLoader:240 - Cannot read IP mode file for STMicroelectronics.X-CUBE-DISPLAY.3.0.0
2024-04-05 18:08:53,036 [WARN] PackLoader:240 - Cannot read IP mode file for STMicroelectronics.X-CUBE-BLE1.7.0.0
2024-04-05 18:08:53,063 [WARN] PackLoader:240 - Cannot read IP mode file for emotas.I-CUBE-CANOPEN.1.3.0
2024-04-05 18:08:53,102 [WARN] PackLoader:240 - Cannot read IP mode file for STMicroelectronics.X-CUBE-BLEMGR.3.1.0
2024-04-05 18:08:53,113 [WARN] PackLoader:240 - Cannot read IP mode file for STMicroelectronics.FP-SNS-SMARTAG2.1.2.0
2024-04-05 18:08:53,129 [INFO] LogOutputStream:77 - [STDOUT_REDIRECT] 1 : Invalid condition id : UX_CORESTACK_Condition cause : null
2024-04-05 18:08:53,130 [INFO] LogOutputStream:77 - [STDOUT_REDIRECT] 1 : Invalid condition id : UX_CORESTACK_Condition cause : null
2024-04-05 18:08:53,131 [INFO] LogOutputStream:77 - [STDOUT_REDIRECT] 1 : Invalid condition id : UX_CORESTACK_Condition cause : null
2024-04-05 18:08:53,131 [INFO] LogOutputStream:77 - [STDOUT_REDIRECT] 1 : Invalid condition id : UX_CORESTACK_Condition cause : null
2024-04-05 18:08:53,132 [INFO] LogOutputStream:77 - [STDOUT_REDIRECT] 1 : Invalid condition id : UX_CORESTACK_Condition cause : null
2024-04-05 18:08:53,138 [WARN] PackLoader:240 - Cannot read IP mode file for STMicroelectronics.X-CUBE-AZRTOS-WL.2.0.0
2024-04-05 18:08:53,154 [WARN] PackLoader:240 - Cannot read IP mode file for STMicroelectronics.FP-SNS-MOTENV1.5.0.0
2024-04-05 18:08:53,181 [WARN] PackLoader:240 - Cannot read IP mode file for WES.I-CUBE-Cesium.1.3.0
2024-04-05 18:08:53,192 [WARN] PackLoader:240 - Cannot read IP mode file for STMicroelectronics.X-CUBE-BLE2.3.3.0
2024-04-05 18:08:53,200 [WARN] PackLoader:240 - Cannot read IP mode file for STMicroelectronics.X-CUBE-ALGOBUILD.1.3.0
2024-04-05 18:08:53,230 [WARN] PackLoader:240 - Cannot read IP mode file for STMicroelectronics.X-CUBE-AZRTOS-G0.1.1.0
2024-04-05 18:08:53,250 [WARN] PackLoader:240 - Cannot read IP mode file for STMicroelectronics.X-CUBE-SAFEA1.1.2.2
2024-04-05 18:08:53,262 [WARN] PackLoader:240 - Cannot read IP mode file for STMicroelectronics.X-CUBE-NFC4.3.0.0
2024-04-05 18:08:53,285 [WARN] PackLoader:240 - Cannot read IP mode file for STMicroelectronics.FP-ATR-SIGFOX1.3.2.0
2024-04-05 18:08:53,293 [WARN] PackLoader:240 - Cannot read IP mode file for STMicroelectronics.X-CUBE-EEPRMA1.5.1.0
2024-04-05 18:08:53,346 [WARN] PackLoader:240 - Cannot read IP mode file for SEGGER.I-CUBE-embOS.1.3.1
2024-04-05 18:08:53,410 [WARN] PackLoader:240 - Cannot read IP mode file for STMicroelectronics.X-CUBE-GNSS1.6.0.0
2024-04-05 18:08:53,434 [WARN] PackLoader:240 - Cannot read IP mode file for STMicroelectronics.X-CUBE-AZRTOS-F4.1.1.0
2024-04-05 18:08:53,442 [WARN] PackLoader:240 - Cannot read IP mode file for wolfSSL.I-CUBE-wolfSSL.5.6.6
2024-04-05 18:08:53,465 [WARN] PackLoader:240 - Cannot read IP mode file for STMicroelectronics.X-CUBE-AZRTOS-L5.2.0.0
2024-04-05 18:08:53,478 [WARN] PackLoader:240 - Cannot read IP mode file for STMicroelectronics.X-CUBE-NFC6.3.1.0
2024-04-05 18:08:53,487 [WARN] PackLoader:240 - Cannot read IP mode file for ITTIA_DB.I-CUBE-ITTIADB.8.8.0
2024-04-05 18:08:53,498 [WARN] PackLoader:240 - Cannot read IP mode file for STMicroelectronics.X-CUBE-NFC7.1.0.1
2024-04-05 18:08:53,503 [WARN] PackLoader:240 - Cannot read IP mode file for STMicroelectronics.X-CUBE-AI.8.1.0
2024-04-05 18:08:53,532 [WARN] ConditionMgr:438 - getConditionDescription Invalid condition id : LAN8742 Phy interface Condition cause : null
2024-04-05 18:08:53,533 [WARN] PackLoader:240 - Cannot read IP mode file for STMicroelectronics.X-CUBE-AZRTOS-L4.2.0.0
2024-04-05 18:08:53,535 [WARN] ConditionMgr:1039 - genDependencies : Invalid condition id : LAN8742 Phy interface Condition cause : null
2024-04-05 18:08:53,535 [WARN] ConditionMgr:1039 - genDependencies : Invalid condition id : LAN8742 Phy interface Condition cause : null
2024-04-05 18:08:53,536 [WARN] ConditionMgr:1039 - genDependencies : Invalid condition id : LAN8742 Phy interface Condition cause : null
2024-04-05 18:08:53,554 [WARN] PackLoader:240 - Cannot read IP mode file for STMicroelectronics.X-CUBE-SFXS2LP1.4.0.0
2024-04-05 18:08:53,588 [WARN] ConditionMgr:438 - getConditionDescription Invalid condition id : UX DEVICE CLASS RTOS Condition cause : null
2024-04-05 18:08:53,592 [WARN] ConditionMgr:438 - getConditionDescription Invalid condition id : UX DEVICE CLASS RTOS Condition cause : null
2024-04-05 18:08:53,596 [WARN] PackLoader:240 - Cannot read IP mode file for STMicroelectronics.X-CUBE-AZRTOS-WB.2.0.0
2024-04-05 18:08:53,597 [WARN] ConditionMgr:1039 - genDependencies : Invalid condition id : UX DEVICE CLASS RTOS Condition cause : null
2024-04-05 18:08:53,597 [WARN] ConditionMgr:1039 - genDependencies : Invalid condition id : UX DEVICE CLASS RTOS Condition cause : null
2024-04-05 18:08:53,598 [WARN] ConditionMgr:1039 - genDependencies : Invalid condition id : UX DEVICE CLASS RTOS Condition cause : null
2024-04-05 18:08:53,599 [WARN] ConditionMgr:1039 - genDependencies : Invalid condition id : UX DEVICE CLASS RTOS Condition cause : null
2024-04-05 18:08:53,599 [WARN] ConditionMgr:1039 - genDependencies : Invalid condition id : UX DEVICE CLASS RTOS Condition cause : null
2024-04-05 18:08:53,638 [WARN] PackLoader:240 - Cannot read IP mode file for STMicroelectronics.X-CUBE-SUBG2.5.0.0
2024-04-05 18:08:53,685 [WARN] PackLoader:240 - Cannot read IP mode file for STMicroelectronics.X-CUBE-AZRTOS-G4.2.0.0
2024-04-05 18:08:53,707 [WARN] PackLoader:240 - Cannot read IP mode file for Infineon.AIROC-Wi-Fi-Bluetooth-STM32.1.5.1
2024-04-05 18:08:53,716 [WARN] PackLoader:240 - Cannot read IP mode file for STMicroelectronics.FP-SNS-MOTENVWB1.1.3.1
2024-04-05 18:08:53,723 [WARN] PackLoader:240 - Cannot read IP mode file for STMicroelectronics.X-CUBE-ISPU.2.0.0
2024-04-05 18:08:53,787 [WARN] PackLoader:240 - Cannot read IP mode file for STMicroelectronics.X-CUBE-MEMS1.10.0.0
2024-04-05 18:08:54,139 [WARN] PackLoader:240 - Cannot read IP mode file for STMicroelectronics.X-CUBE-FREERTOS.1.1.0
2024-04-05 18:08:54,146 [WARN] PackLoader:240 - Cannot read IP mode file for portGmbH.I-Cube-SoM-uGOAL.1.1.0
2024-04-05 18:08:54,151 [WARN] PackLoader:240 - Cannot read IP mode file for STMicroelectronics.X-CUBE-ALS.1.0.1
2024-04-05 18:08:54,168 [WARN] PackLoader:240 - Cannot read IP mode file for STMicroelectronics.FP-ATR-ASTRA1.2.0.0
2024-04-05 18:08:54,185 [WARN] PackLoader:240 - Cannot read IP mode file for STMicroelectronics.X-CUBE-TOF1.3.4.1
2024-04-05 18:08:54,245 [WARN] PackLoader:240 - Cannot read IP mode file for STMicroelectronics.X-CUBE-AZRTOS-H7.3.2.0
2024-04-05 18:08:54,262 [INFO] ThirdParty:978 - Integrity check success = true
2024-04-05 18:08:54,262 [INFO] IntegrityCheckThread:100 - exiting critical section [integrity check]
2024-04-05 18:08:54,276 [INFO] IntegrityCheckThread:103 - End integrity checks thread
